
	         HI902 - Titration Report

	Method Name:                1.8 pH Test 
	Time & Date:         14:01 May 23, 2018 
	Titration ID:                  Ti_00075 

	             Calibration Data

	 Buffer 	Potential 	Efficiency Temp. 
		        Time and Date          
	 1.679pH   305.6mV      98.2%   A 23.5低 
		      13:55 May 23, 2018       
	 4.010pH   170.9mV     100.1%   A 23.2低 
		      13:50 May 23, 2018       
	 7.010pH    -6.3mV      96.7%   A 22.8低 
		      13:48 May 23, 2018       
	10.010pH  -177.5mV      96.7%   A 23.2低 
		      13:52 May 23, 2018       

	          GLP & Meter Information
	Sample Name:                            
	Company Name:                           
	Operator Name:                          

	             Method Parameters
	Name:                       1.8 pH Test
	Method Revision:                    1.0
	Titration Type:      Standard Titration
	Stirrer Configuration:        Stirrer 1
	Pump Configuration:
	    Titrant pump:                Pump 2
	Dosing Type:                    Dynamic
	    Min Vol:                   0.015 mL
	    Max Vol:                   0.045 mL
	    delta E:                  12.000 mV
	End Point Mode:          Fixed 1.800 pH
	Pre-Titration Volume:          0.000 mL
	Pre-Titration Stir Time:         30 Sec
	Measurement Mode:       Timed Increment
	    Time interval:               30 Sec
	Electrode Type:                      pH
	Blank Option:                  No Blank
	Calculations:      No Formula (mL only)
	Titrant Name:                  3.0N HCL
	Maximum Titrant Volume:       50.000 mL
	Stirring Speed:                1400 RPM
	Potential Range:   -2000.0 to 2000.0 mV
	Volume/Flow Rate:   25 mL / 50.0 mL/min
	Signal Averaging:            3 Readings
	Significant Figures:                XXX
	Linked To:                      No Link

	Final unit is mL.

	mL = V * 1000

	V = volume dispensed in liters.

	  Nr Volume[mL]      mV      pH  Graphic Temp.[C]     Time 
	   0      0.000    59.3   5.895      0.0 A   20.6 00:00:00 
	   1      0.045    86.1   5.437      5.4 A   20.6 00:01:31 
	   2      0.090   106.7   5.084      5.1 A   20.6 00:02:01 
	   3      0.116   115.8   4.928      4.9 A   20.7 00:02:31 
	   4      0.152   126.3   4.747      4.7 A   20.7 00:03:01 
	   5      0.194   136.6   4.572      4.6 A   20.7 00:03:31 
	   6      0.239   146.1   4.410      4.4 A   20.7 00:04:01 
	   7      0.284   154.6   4.264      4.3 A   20.7 00:04:31 
	   8      0.329   163.2   4.116      4.1 A   20.8 00:05:01 
	   9      0.374   172.3   3.960      4.0 A   20.8 00:05:31 
	  10      0.419   181.2   3.805      3.8 A   20.8 00:06:01 
	  11      0.464   190.3   3.646      3.6 A   20.8 00:06:31 
	  12      0.509   199.7   3.482      3.5 A   20.8 00:07:01 
	  13      0.554   208.2   3.334      3.3 A   20.8 00:07:31 
	  14      0.599   215.6   3.206      3.2 A   20.8 00:08:01 
	  15      0.644   222.1   3.092      3.1 A   20.9 00:08:31 
	  16      0.689   227.8   2.992      3.0 A   20.9 00:09:01 
	  17      0.734   233.6   2.891      2.9 A   20.9 00:09:32 
	  18      0.779   239.6   2.786      2.8 A   20.9 00:10:02 
	  19      0.824   246.2   2.672      2.7 A   20.9 00:10:32 
	  20      0.869   252.2   2.567      2.6 A   20.9 00:11:02 
	  21      0.914   258.3   2.461      2.5 A   20.9 00:11:32 
	  22      0.959   264.0   2.361      2.4 A   21.0 00:12:02 
	  23      1.004   269.0   2.274      2.3 A   21.0 00:12:32 
	  24      1.049   273.3   2.200      2.2 A   21.0 00:13:02 
	  25      1.094   276.9   2.136      2.1 A   21.0 00:13:32 
	  26      1.139   280.3   2.077      2.1 A   21.0 00:14:02 
	  27      1.184   283.8   2.017      2.0 A   21.0 00:14:32 
	  28      1.224   286.9   1.963      2.0 A   21.0 00:15:02 
	  29      1.264   289.8   1.912      1.9 A   21.0 00:15:32 
	  30      1.289   291.6   1.880      1.9 A   21.0 00:16:02 
	  31      1.306   292.8   1.860      1.9 A   21.1 00:16:33 
	  32      1.322   294.1   1.838      1.8 A   21.1 00:17:04 
	  33      1.337   295.2   1.819      1.8 A   21.1 00:17:34 
	  34      1.352   296.3   1.800      1.8 A   21.1 00:18:04 
	  35      1.367   297.3   1.782      1.8 A   21.1 00:18:34 

	             Titration Results
	Method Name:                1.8 pH Test 
	Time & Date:         14:01 May 23, 2018 
	Analyte Size:                           
	End Point Volume:              1.352 mL 
	pH Fixed End Point:               1.800 
	Result:                        1.352 mL 
	Initial & Final pH:     5.895 to  1.782 
	Titration Duration:       18:35 [mm:ss] 
	Titration went to Completion 

	Analyst Signature: ____________________
